1644151045440	geckodriver	INFO	Listening on 127.0.0.1:50838
1644151045881	mozrunner::runner	INFO	Running command: "/Applications/Firefox.app/Contents/MacOS/firefox-bin" "--marionette" "--remote-debugging-port" "50839" "-foreground" "-no-remote" "-profile" "/var/folders/f_/mfkt5g6j2jqg5jlh3tq66p300000gn/T/rust_mozprofileA14NgR"
1644151069367	Marionette	INFO	Marionette enabled
2022-02-06 16:37:50.283 firefox-bin[4532:77411] Warning: Expected min height of view: (<NSButton: 0x136067800>) to be less than or equal to 30 but got a height of 32.000000. This error will be logged once per view in violation.
2022-02-06 16:37:50.284 firefox-bin[4532:77411] Warning: Expected min height of view: (<NSButton: 0x1361b5800>) to be less than or equal to 30 but got a height of 32.000000. This error will be logged once per view in violation.
2022-02-06 16:37:50.284 firefox-bin[4532:77411] Warning: Expected min height of view: (<NSButton: 0x1361b6800>) to be less than or equal to 30 but got a height of 32.000000. This error will be logged once per view in violation.
2022-02-06 16:37:50.285 firefox-bin[4532:77411] Warning: Expected min height of view: (<NSButton: 0x1361b8000>) to be less than or equal to 30 but got a height of 32.000000. This error will be logged once per view in violation.
2022-02-06 16:37:50.285 firefox-bin[4532:77411] Warning: Expected min height of view: (<NSButton: 0x1361b5c00>) to be less than or equal to 30 but got a height of 32.000000. This error will be logged once per view in violation.
2022-02-06 16:37:50.285 firefox-bin[4532:77411] Warning: Expected min height of view: (<NSPopoverTouchBarItemButton: 0x1361c0000>) to be less than or equal to 30 but got a height of 32.000000. This error will be logged once per view in violation.
2022-02-06 16:37:50.286 firefox-bin[4532:77411] Warning: Expected min height of view: (<NSPopoverTouchBarItemButton: 0x11c376800>) to be less than or equal to 30 but got a height of 32.000000. This error will be logged once per view in violation.
console.warn: SearchSettings: "get: No settings file exists, new profile?" (new NotFoundError("Could not open the file at /var/folders/f_/mfkt5g6j2jqg5jlh3tq66p300000gn/T/rust_mozprofileA14NgR/search.json.mozlz4", (void 0)))
console.error: BackgroundUpdate: 
  _reasonsToNotScheduleUpdates: Failed to check for Maintenance Service Registry Key: [Exception... "Component returned failure code: 0x80004001 (NS_ERROR_NOT_IMPLEMENTED) [nsIUpdateProcessor.getServiceRegKeyExists]"  nsresult: "0x80004001 (NS_ERROR_NOT_IMPLEMENTED)"  location: "JS frame :: resource://gre/modules/BackgroundUpdate.jsm :: _reasonsToNotScheduleUpdates :: line 243"  data: no]
DevTools listening on ws://localhost:50839/devtools/browser/9e0808e3-ceb7-4f1c-a2e9-651a0224eca2
1644151071478	Marionette	INFO	Listening on port 50860
1644151071585	RemoteAgent	WARN	TLS certificate errors will be ignored for this session
1644151158855	geckodriver	INFO	Listening on 127.0.0.1:51159
1644151159377	mozrunner::runner	INFO	Running command: "/Applications/Firefox.app/Contents/MacOS/firefox-bin" "--marionette" "--remote-debugging-port" "51160" "-foreground" "-no-remote" "-profile" "/var/folders/f_/mfkt5g6j2jqg5jlh3tq66p300000gn/T/rust_mozprofileBSHt5K"
1644151159756	Marionette	INFO	Marionette enabled
2022-02-06 16:39:20.392 firefox-bin[4581:79259] Warning: Expected min height of view: (<NSButton: 0x12c14d800>) to be less than or equal to 30 but got a height of 32.000000. This error will be logged once per view in violation.
2022-02-06 16:39:20.392 firefox-bin[4581:79259] Warning: Expected min height of view: (<NSButton: 0x1328e3400>) to be less than or equal to 30 but got a height of 32.000000. This error will be logged once per view in violation.
2022-02-06 16:39:20.392 firefox-bin[4581:79259] Warning: Expected min height of view: (<NSButton: 0x1328e4c00>) to be less than or equal to 30 but got a height of 32.000000. This error will be logged once per view in violation.
2022-02-06 16:39:20.393 firefox-bin[4581:79259] Warning: Expected min height of view: (<NSButton: 0x1328e3c00>) to be less than or equal to 30 but got a height of 32.000000. This error will be logged once per view in violation.
2022-02-06 16:39:20.393 firefox-bin[4581:79259] Warning: Expected min height of view: (<NSButton: 0x1328dd400>) to be less than or equal to 30 but got a height of 32.000000. This error will be logged once per view in violation.
2022-02-06 16:39:20.393 firefox-bin[4581:79259] Warning: Expected min height of view: (<NSPopoverTouchBarItemButton: 0x1328df400>) to be less than or equal to 30 but got a height of 32.000000. This error will be logged once per view in violation.
2022-02-06 16:39:20.394 firefox-bin[4581:79259] Warning: Expected min height of view: (<NSPopoverTouchBarItemButton: 0x132a32800>) to be less than or equal to 30 but got a height of 32.000000. This error will be logged once per view in violation.
console.warn: SearchSettings: "get: No settings file exists, new profile?" (new NotFoundError("Could not open the file at /var/folders/f_/mfkt5g6j2jqg5jlh3tq66p300000gn/T/rust_mozprofileBSHt5K/search.json.mozlz4", (void 0)))
console.error: BackgroundUpdate: 
  _reasonsToNotScheduleUpdates: Failed to check for Maintenance Service Registry Key: [Exception... "Component returned failure code: 0x80004001 (NS_ERROR_NOT_IMPLEMENTED) [nsIUpdateProcessor.getServiceRegKeyExists]"  nsresult: "0x80004001 (NS_ERROR_NOT_IMPLEMENTED)"  location: "JS frame :: resource://gre/modules/BackgroundUpdate.jsm :: _reasonsToNotScheduleUpdates :: line 243"  data: no]
DevTools listening on ws://localhost:51160/devtools/browser/cb090d01-855a-4a71-a7b4-a65c53fef0e5
1644151161525	Marionette	INFO	Listening on port 51165
1644151161580	RemoteAgent	WARN	TLS certificate errors will be ignored for this session
1644151196438	Marionette	INFO	Stopped listening on port 50860

###!!! [Parent][RunMessage] Error: Channel closing: too late to send/recv, messages will be lost

2022-02-06 16:39:58.515 firefox-bin[4581:79259] Warning: Expected min height of view: (<NSButton: 0x132a36400>) to be less than or equal to 30 but got a height of 32.000000. This error will be logged once per view in violation.
2022-02-06 16:39:58.516 firefox-bin[4581:79259] Warning: Expected min height of view: (<NSButton: 0x132a37400>) to be less than or equal to 30 but got a height of 32.000000. This error will be logged once per view in violation.
2022-02-06 16:39:58.516 firefox-bin[4581:79259] Warning: Expected min height of view: (<NSButton: 0x132a39800>) to be less than or equal to 30 but got a height of 32.000000. This error will be logged once per view in violation.
2022-02-06 16:39:58.517 firefox-bin[4581:79259] Warning: Expected min height of view: (<NSButton: 0x132a37800>) to be less than or equal to 30 but got a height of 32.000000. This error will be logged once per view in violation.
2022-02-06 16:39:58.517 firefox-bin[4581:79259] Warning: Expected min height of view: (<NSButton: 0x132a39c00>) to be less than or equal to 30 but got a height of 32.000000. This error will be logged once per view in violation.
2022-02-06 16:39:58.517 firefox-bin[4581:79259] Warning: Expected min height of view: (<NSPopoverTouchBarItemButton: 0x132a38000>) to be less than or equal to 30 but got a height of 32.000000. This error will be logged once per view in violation.
2022-02-06 16:39:58.518 firefox-bin[4581:79259] Warning: Expected min height of view: (<NSPopoverTouchBarItemButton: 0x132e1cc00>) to be less than or equal to 30 but got a height of 32.000000. This error will be logged once per view in violation.
1644151201221	Marionette	INFO	Stopped listening on port 51165

###!!! [Parent][RunMessage] Error: Channel closing: too late to send/recv, messages will be lost

